<?xml version="1.0" encoding="UTF-8"?>
<coverage generated="1686870383581" clover="3.2.0">
  <project timestamp="1686870383581" name="All files">
    <metrics statements="71" coveredstatements="65" conditionals="26" coveredconditionals="20" methods="20" coveredmethods="18" elements="117" coveredelements="103" complexity="0" loc="71" ncloc="71" packages="4" files="10" classes="10"/>
    <package name="enums">
      <metrics statements="0" coveredstatements="0" conditionals="0" coveredconditionals="0" methods="0" coveredmethods="0"/>
      <file name="methods.enum.ts" path="C:\Users\thule\Desktop\DEVELOP\online-sales-app\src\shared\enums\methods.enum.ts">
        <metrics statements="0" coveredstatements="0" conditionals="0" coveredconditionals="0" methods="0" coveredmethods="0"/>
      </file>
    </package>
    <package name="functions">
      <metrics statements="13" coveredstatements="13" conditionals="2" coveredconditionals="2" methods="8" coveredmethods="7"/>
      <file name="caracters.ts" path="C:\Users\thule\Desktop\DEVELOP\online-sales-app\src\shared\functions\caracters.ts">
        <metrics statements="2" coveredstatements="2" conditionals="0" coveredconditionals="0" methods="1" coveredmethods="1"/>
        <line num="1" count="3" type="stmt"/>
        <line num="2" count="11" type="stmt"/>
      </file>
      <file name="maskRegex.ts" path="C:\Users\thule\Desktop\DEVELOP\online-sales-app\src\shared\functions\maskRegex.ts">
        <metrics statements="5" coveredstatements="5" conditionals="2" coveredconditionals="2" methods="2" coveredmethods="2"/>
        <line num="3" count="2" type="stmt"/>
        <line num="4" count="1" type="stmt"/>
        <line num="7" count="2" type="stmt"/>
        <line num="8" count="2" type="stmt"/>
        <line num="9" count="2" type="stmt"/>
      </file>
      <file name="money.ts" path="C:\Users\thule\Desktop\DEVELOP\online-sales-app\src\shared\functions\money.ts">
        <metrics statements="2" coveredstatements="2" conditionals="0" coveredconditionals="0" methods="1" coveredmethods="1"/>
        <line num="1" count="1" type="stmt"/>
        <line num="2" count="4" type="stmt"/>
      </file>
      <file name="storageProxy.ts" path="C:\Users\thule\Desktop\DEVELOP\online-sales-app\src\shared\functions\storageProxy.ts">
        <metrics statements="4" coveredstatements="4" conditionals="0" coveredconditionals="0" methods="4" coveredmethods="3"/>
        <line num="3" count="1" type="stmt"/>
        <line num="4" count="1" type="stmt"/>
        <line num="6" count="1" type="stmt"/>
        <line num="8" count="1" type="stmt"/>
      </file>
    </package>
    <package name="functions.connection">
      <metrics statements="26" coveredstatements="21" conditionals="10" coveredconditionals="5" methods="8" coveredmethods="7"/>
      <file name="apiUrl.ts" path="C:\Users\thule\Desktop\DEVELOP\online-sales-app\src\shared\functions\connection\apiUrl.ts">
        <metrics statements="5" coveredstatements="5" conditionals="0" coveredconditionals="0" methods="0" coveredmethods="0"/>
        <line num="1" count="1" type="stmt"/>
        <line num="3" count="1" type="stmt"/>
        <line num="5" count="1" type="stmt"/>
        <line num="6" count="1" type="stmt"/>
        <line num="8" count="1" type="stmt"/>
      </file>
      <file name="connectionApi.ts" path="C:\Users\thule\Desktop\DEVELOP\online-sales-app\src\shared\functions\connection\connectionApi.ts">
        <metrics statements="21" coveredstatements="16" conditionals="10" coveredconditionals="5" methods="8" coveredmethods="7"/>
        <line num="10" count="5" type="stmt"/>
        <line num="11" count="5" type="stmt"/>
        <line num="17" count="5" type="cond" truecount="5" falsecount="0"/>
        <line num="20" count="2" type="stmt"/>
        <line num="24" count="3" type="stmt"/>
        <line num="33" count="5" type="stmt"/>
        <line num="34" count="0" type="cond" truecount="0" falsecount="2"/>
        <line num="35" count="0" type="cond" truecount="0" falsecount="3"/>
        <line num="38" count="0" type="stmt"/>
        <line num="41" count="0" type="stmt"/>
        <line num="44" count="0" type="stmt"/>
        <line num="49" count="1" type="stmt"/>
        <line num="50" count="1" type="stmt"/>
        <line num="53" count="1" type="stmt"/>
        <line num="54" count="1" type="stmt"/>
        <line num="57" count="1" type="stmt"/>
        <line num="58" count="1" type="stmt"/>
        <line num="61" count="1" type="stmt"/>
        <line num="62" count="1" type="stmt"/>
        <line num="65" count="1" type="stmt"/>
        <line num="66" count="1" type="stmt"/>
      </file>
    </package>
    <package name="functions.validations">
      <metrics statements="32" coveredstatements="31" conditionals="14" coveredconditionals="13" methods="4" coveredmethods="4"/>
      <file name="validateCpf.ts" path="C:\Users\thule\Desktop\DEVELOP\online-sales-app\src\shared\functions\validations\validateCpf.ts">
        <metrics statements="23" coveredstatements="22" conditionals="10" coveredconditionals="9" methods="2" coveredmethods="2"/>
        <line num="3" count="1" type="stmt"/>
        <line num="4" count="4" type="stmt"/>
        <line num="5" count="4" type="cond" truecount="2" falsecount="0"/>
        <line num="6" count="1" type="stmt"/>
        <line num="10" count="3" type="cond" truecount="2" falsecount="0"/>
        <line num="11" count="1" type="stmt"/>
        <line num="15" count="2" type="stmt"/>
        <line num="17" count="2" type="stmt"/>
        <line num="19" count="2" type="stmt"/>
        <line num="20" count="4" type="stmt"/>
        <line num="21" count="4" type="stmt"/>
        <line num="23" count="4" type="stmt"/>
        <line num="24" count="38" type="stmt"/>
        <line num="25" count="38" type="stmt"/>
        <line num="28" count="4" type="stmt"/>
        <line num="29" count="4" type="cond" truecount="2" falsecount="0"/>
        <line num="32" count="2" type="stmt"/>
        <line num="43" count="2" type="cond" truecount="1" falsecount="1"/>
        <line num="44" count="0" type="stmt"/>
        <line num="47" count="2" type="stmt"/>
        <line num="59" count="2" type="cond" truecount="2" falsecount="0"/>
        <line num="60" count="1" type="stmt"/>
        <line num="63" count="1" type="stmt"/>
      </file>
      <file name="validateEmail.ts" path="C:\Users\thule\Desktop\DEVELOP\online-sales-app\src\shared\functions\validations\validateEmail.ts">
        <metrics statements="3" coveredstatements="3" conditionals="0" coveredconditionals="0" methods="1" coveredmethods="1"/>
        <line num="1" count="1" type="stmt"/>
        <line num="2" count="4" type="stmt"/>
        <line num="3" count="4" type="stmt"/>
      </file>
      <file name="validatePhone.ts" path="C:\Users\thule\Desktop\DEVELOP\online-sales-app\src\shared\functions\validations\validatePhone.ts">
        <metrics statements="6" coveredstatements="6" conditionals="4" coveredconditionals="4" methods="1" coveredmethods="1"/>
        <line num="3" count="1" type="stmt"/>
        <line num="4" count="4" type="stmt"/>
        <line num="6" count="4" type="stmt"/>
        <line num="7" count="4" type="cond" truecount="4" falsecount="0"/>
        <line num="8" count="2" type="stmt"/>
        <line num="10" count="2" type="stmt"/>
      </file>
    </package>
  </project>
</coverage>
