{"C:\\Users\\thule\\Desktop\\DEVELOP\\online-sales-app\\src\\shared\\enums\\methods.enum.ts": {"path":"C:\\Users\\thule\\Desktop\\DEVELOP\\online-sales-app\\src\\shared\\enums\\methods.enum.ts","statementMap":{},"fnMap":{},"branchMap":{},"s":{},"f":{},"b":{},"_coverageSchema":"1a1c01bbd47fc00a2c39e90264f33305004495a9","hash":"1da07a4fb8bfe278565e34d98bd0ec6fde0facfc"}
,"C:\\Users\\thule\\Desktop\\DEVELOP\\online-sales-app\\src\\shared\\functions\\caracters.ts": {"path":"C:\\Users\\thule\\Desktop\\DEVELOP\\online-sales-app\\src\\shared\\functions\\caracters.ts","statementMap":{"0":{"start":{"line":1,"column":39},"end":{"line":3,"column":1}},"1":{"start":{"line":2,"column":2},"end":{"line":2,"column":34}}},"fnMap":{"0":{"name":"(anonymous_0)","decl":{"start":{"line":1,"column":39},"end":{"line":1,"column":40}},"loc":{"start":{"line":1,"column":58},"end":{"line":3,"column":1}},"line":1}},"branchMap":{},"s":{"0":3,"1":11},"f":{"0":11},"b":{},"_coverageSchema":"1a1c01bbd47fc00a2c39e90264f33305004495a9","hash":"11c1c3586effb6581aaeb23298dce46210ad7901"}
,"C:\\Users\\thule\\Desktop\\DEVELOP\\online-sales-app\\src\\shared\\functions\\maskRegex.ts": {"path":"C:\\Users\\thule\\Desktop\\DEVELOP\\online-sales-app\\src\\shared\\functions\\maskRegex.ts","statementMap":{"0":{"start":{"line":3,"column":23},"end":{"line":5,"column":1}},"1":{"start":{"line":4,"column":2},"end":{"line":4,"column":68}},"2":{"start":{"line":7,"column":25},"end":{"line":12,"column":1}},"3":{"start":{"line":8,"column":17},"end":{"line":8,"column":47}},"4":{"start":{"line":9,"column":2},"end":{"line":11,"column":76}}},"fnMap":{"0":{"name":"(anonymous_0)","decl":{"start":{"line":3,"column":23},"end":{"line":3,"column":24}},"loc":{"start":{"line":3,"column":40},"end":{"line":5,"column":1}},"line":3},"1":{"name":"(anonymous_1)","decl":{"start":{"line":7,"column":25},"end":{"line":7,"column":26}},"loc":{"start":{"line":7,"column":44},"end":{"line":12,"column":1}},"line":7}},"branchMap":{"0":{"loc":{"start":{"line":11,"column":13},"end":{"line":11,"column":65}},"type":"cond-expr","locations":[{"start":{"line":11,"column":36},"end":{"line":11,"column":49}},{"start":{"line":11,"column":52},"end":{"line":11,"column":65}}],"line":11}},"s":{"0":2,"1":1,"2":2,"3":2,"4":2},"f":{"0":1,"1":2},"b":{"0":[1,1]},"_coverageSchema":"1a1c01bbd47fc00a2c39e90264f33305004495a9","hash":"907cb29e4c0839065b9e41485acc0614ac63d5b3"}
,"C:\\Users\\thule\\Desktop\\DEVELOP\\online-sales-app\\src\\shared\\functions\\money.ts": {"path":"C:\\Users\\thule\\Desktop\\DEVELOP\\online-sales-app\\src\\shared\\functions\\money.ts","statementMap":{"0":{"start":{"line":1,"column":28},"end":{"line":3,"column":1}},"1":{"start":{"line":2,"column":2},"end":{"line":2,"column":79}}},"fnMap":{"0":{"name":"(anonymous_0)","decl":{"start":{"line":1,"column":28},"end":{"line":1,"column":29}},"loc":{"start":{"line":1,"column":47},"end":{"line":3,"column":1}},"line":1}},"branchMap":{},"s":{"0":1,"1":4},"f":{"0":4},"b":{},"_coverageSchema":"1a1c01bbd47fc00a2c39e90264f33305004495a9","hash":"b706d37bc8d80f09170844bf6dd5a9a9222f0cfb"}
,"C:\\Users\\thule\\Desktop\\DEVELOP\\online-sales-app\\src\\shared\\functions\\storageProxy.ts": {"path":"C:\\Users\\thule\\Desktop\\DEVELOP\\online-sales-app\\src\\shared\\functions\\storageProxy.ts","statementMap":{"0":{"start":{"line":3,"column":30},"end":{"line":4,"column":42}},"1":{"start":{"line":4,"column":2},"end":{"line":4,"column":42}},"2":{"start":{"line":6,"column":30},"end":{"line":6,"column":94}},"3":{"start":{"line":6,"column":53},"end":{"line":6,"column":94}},"4":{"start":{"line":6,"column":91},"end":{"line":6,"column":93}},"5":{"start":{"line":8,"column":33},"end":{"line":8,"column":92}},"6":{"start":{"line":8,"column":56},"end":{"line":8,"column":92}}},"fnMap":{"0":{"name":"(anonymous_0)","decl":{"start":{"line":3,"column":30},"end":{"line":3,"column":31}},"loc":{"start":{"line":4,"column":2},"end":{"line":4,"column":42}},"line":4},"1":{"name":"(anonymous_1)","decl":{"start":{"line":6,"column":30},"end":{"line":6,"column":31}},"loc":{"start":{"line":6,"column":53},"end":{"line":6,"column":94}},"line":6},"2":{"name":"(anonymous_2)","decl":{"start":{"line":6,"column":85},"end":{"line":6,"column":86}},"loc":{"start":{"line":6,"column":91},"end":{"line":6,"column":93}},"line":6},"3":{"name":"(anonymous_3)","decl":{"start":{"line":8,"column":33},"end":{"line":8,"column":34}},"loc":{"start":{"line":8,"column":56},"end":{"line":8,"column":92}},"line":8}},"branchMap":{},"s":{"0":1,"1":1,"2":1,"3":1,"4":0,"5":1,"6":1},"f":{"0":1,"1":1,"2":0,"3":1},"b":{},"_coverageSchema":"1a1c01bbd47fc00a2c39e90264f33305004495a9","hash":"073a6b84f2f023eff66d09f60dc94ce4f486d58c"}
,"C:\\Users\\thule\\Desktop\\DEVELOP\\online-sales-app\\src\\shared\\functions\\connection\\apiUrl.ts": {"path":"C:\\Users\\thule\\Desktop\\DEVELOP\\online-sales-app\\src\\shared\\functions\\connection\\apiUrl.ts","statementMap":{"0":{"start":{"line":1,"column":23},"end":{"line":1,"column":50}},"1":{"start":{"line":3,"column":23},"end":{"line":3,"column":55}},"2":{"start":{"line":5,"column":26},"end":{"line":5,"column":61}},"3":{"start":{"line":6,"column":30},"end":{"line":6,"column":70}},"4":{"start":{"line":8,"column":23},"end":{"line":8,"column":55}}},"fnMap":{},"branchMap":{},"s":{"0":1,"1":1,"2":1,"3":1,"4":1},"f":{},"b":{},"_coverageSchema":"1a1c01bbd47fc00a2c39e90264f33305004495a9","hash":"a10c8160d1da784f4b69d56f3284b640490c9b3e"}
,"C:\\Users\\thule\\Desktop\\DEVELOP\\online-sales-app\\src\\shared\\functions\\connection\\connectionApi.ts": {"path":"C:\\Users\\thule\\Desktop\\DEVELOP\\online-sales-app\\src\\shared\\functions\\connection\\connectionApi.ts","statementMap":{"0":{"start":{"line":10,"column":18},"end":{"line":10,"column":46}},"1":{"start":{"line":11,"column":39},"end":{"line":16,"column":5}},"2":{"start":{"line":17,"column":4},"end":{"line":25,"column":5}},"3":{"start":{"line":20,"column":8},"end":{"line":20,"column":58}},"4":{"start":{"line":24,"column":8},"end":{"line":24,"column":64}},"5":{"start":{"line":33,"column":4},"end":{"line":45,"column":7}},"6":{"start":{"line":34,"column":6},"end":{"line":43,"column":7}},"7":{"start":{"line":35,"column":8},"end":{"line":42,"column":9}},"8":{"start":{"line":38,"column":12},"end":{"line":38,"column":45}},"9":{"start":{"line":41,"column":12},"end":{"line":41,"column":53}},"10":{"start":{"line":44,"column":6},"end":{"line":44,"column":47}},"11":{"start":{"line":49,"column":32},"end":{"line":51,"column":1}},"12":{"start":{"line":50,"column":2},"end":{"line":50,"column":52}},"13":{"start":{"line":53,"column":35},"end":{"line":55,"column":1}},"14":{"start":{"line":54,"column":2},"end":{"line":54,"column":55}},"15":{"start":{"line":57,"column":33},"end":{"line":59,"column":1}},"16":{"start":{"line":58,"column":2},"end":{"line":58,"column":59}},"17":{"start":{"line":61,"column":32},"end":{"line":63,"column":1}},"18":{"start":{"line":62,"column":2},"end":{"line":62,"column":58}},"19":{"start":{"line":65,"column":34},"end":{"line":67,"column":1}},"20":{"start":{"line":66,"column":2},"end":{"line":66,"column":60}}},"fnMap":{"0":{"name":"(anonymous_0)","decl":{"start":{"line":9,"column":2},"end":{"line":9,"column":3}},"loc":{"start":{"line":9,"column":103},"end":{"line":26,"column":3}},"line":9},"1":{"name":"(anonymous_1)","decl":{"start":{"line":28,"column":2},"end":{"line":28,"column":3}},"loc":{"start":{"line":32,"column":28},"end":{"line":46,"column":3}},"line":32},"2":{"name":"(anonymous_2)","decl":{"start":{"line":33,"column":49},"end":{"line":33,"column":50}},"loc":{"start":{"line":33,"column":60},"end":{"line":45,"column":5}},"line":33},"3":{"name":"(anonymous_3)","decl":{"start":{"line":49,"column":32},"end":{"line":49,"column":33}},"loc":{"start":{"line":49,"column":82},"end":{"line":51,"column":1}},"line":49},"4":{"name":"(anonymous_4)","decl":{"start":{"line":53,"column":35},"end":{"line":53,"column":36}},"loc":{"start":{"line":53,"column":85},"end":{"line":55,"column":1}},"line":53},"5":{"name":"(anonymous_5)","decl":{"start":{"line":57,"column":33},"end":{"line":57,"column":34}},"loc":{"start":{"line":57,"column":105},"end":{"line":59,"column":1}},"line":57},"6":{"name":"(anonymous_6)","decl":{"start":{"line":61,"column":32},"end":{"line":61,"column":33}},"loc":{"start":{"line":61,"column":104},"end":{"line":63,"column":1}},"line":61},"7":{"name":"(anonymous_7)","decl":{"start":{"line":65,"column":34},"end":{"line":65,"column":35}},"loc":{"start":{"line":65,"column":106},"end":{"line":67,"column":1}},"line":65}},"branchMap":{"0":{"loc":{"start":{"line":17,"column":4},"end":{"line":25,"column":5}},"type":"switch","locations":[{"start":{"line":18,"column":6},"end":{"line":18,"column":26}},{"start":{"line":19,"column":6},"end":{"line":20,"column":58}},{"start":{"line":21,"column":6},"end":{"line":21,"column":28}},{"start":{"line":22,"column":6},"end":{"line":22,"column":27}},{"start":{"line":23,"column":6},"end":{"line":24,"column":64}}],"line":17},"1":{"loc":{"start":{"line":34,"column":6},"end":{"line":43,"column":7}},"type":"if","locations":[{"start":{"line":34,"column":6},"end":{"line":43,"column":7}},{"start":{},"end":{}}],"line":34},"2":{"loc":{"start":{"line":35,"column":8},"end":{"line":42,"column":9}},"type":"switch","locations":[{"start":{"line":36,"column":10},"end":{"line":36,"column":19}},{"start":{"line":37,"column":10},"end":{"line":38,"column":45}},{"start":{"line":40,"column":10},"end":{"line":41,"column":53}}],"line":35}},"s":{"0":5,"1":5,"2":5,"3":2,"4":3,"5":5,"6":0,"7":0,"8":0,"9":0,"10":0,"11":1,"12":1,"13":1,"14":1,"15":1,"16":1,"17":1,"18":1,"19":1,"20":1},"f":{"0":5,"1":5,"2":0,"3":1,"4":1,"5":1,"6":1,"7":1},"b":{"0":[1,2,1,2,3],"1":[0,0],"2":[0,0,0]},"_coverageSchema":"1a1c01bbd47fc00a2c39e90264f33305004495a9","hash":"e0107e8e03cd5c00c390c680ce42587c7b27648e"}
,"C:\\Users\\thule\\Desktop\\DEVELOP\\online-sales-app\\src\\shared\\functions\\validations\\validateCpf.ts": {"path":"C:\\Users\\thule\\Desktop\\DEVELOP\\online-sales-app\\src\\shared\\functions\\validations\\validateCpf.ts","statementMap":{"0":{"start":{"line":3,"column":27},"end":{"line":64,"column":1}},"1":{"start":{"line":4,"column":19},"end":{"line":4,"column":47}},"2":{"start":{"line":5,"column":2},"end":{"line":7,"column":3}},"3":{"start":{"line":6,"column":4},"end":{"line":6,"column":17}},"4":{"start":{"line":10,"column":2},"end":{"line":12,"column":3}},"5":{"start":{"line":11,"column":4},"end":{"line":11,"column":17}},"6":{"start":{"line":15,"column":20},"end":{"line":15,"column":50}},"7":{"start":{"line":17,"column":4},"end":{"line":17,"column":13}},"8":{"start":{"line":19,"column":28},"end":{"line":30,"column":3}},"9":{"start":{"line":20,"column":14},"end":{"line":20,"column":15}},"10":{"start":{"line":21,"column":17},"end":{"line":21,"column":34}},"11":{"start":{"line":23,"column":4},"end":{"line":26,"column":5}},"12":{"start":{"line":24,"column":6},"end":{"line":24,"column":28}},"13":{"start":{"line":25,"column":6},"end":{"line":25,"column":15}},"14":{"start":{"line":28,"column":22},"end":{"line":28,"column":30}},"15":{"start":{"line":29,"column":4},"end":{"line":29,"column":46}},"16":{"start":{"line":32,"column":27},"end":{"line":42,"column":4}},"17":{"start":{"line":43,"column":2},"end":{"line":45,"column":3}},"18":{"start":{"line":44,"column":4},"end":{"line":44,"column":17}},"19":{"start":{"line":47,"column":27},"end":{"line":58,"column":4}},"20":{"start":{"line":59,"column":2},"end":{"line":61,"column":3}},"21":{"start":{"line":60,"column":4},"end":{"line":60,"column":17}},"22":{"start":{"line":63,"column":2},"end":{"line":63,"column":14}}},"fnMap":{"0":{"name":"(anonymous_0)","decl":{"start":{"line":3,"column":27},"end":{"line":3,"column":28}},"loc":{"start":{"line":3,"column":53},"end":{"line":64,"column":1}},"line":3},"1":{"name":"(anonymous_1)","decl":{"start":{"line":19,"column":28},"end":{"line":19,"column":29}},"loc":{"start":{"line":19,"column":58},"end":{"line":30,"column":3}},"line":19}},"branchMap":{"0":{"loc":{"start":{"line":5,"column":2},"end":{"line":7,"column":3}},"type":"if","locations":[{"start":{"line":5,"column":2},"end":{"line":7,"column":3}},{"start":{},"end":{}}],"line":5},"1":{"loc":{"start":{"line":10,"column":2},"end":{"line":12,"column":3}},"type":"if","locations":[{"start":{"line":10,"column":2},"end":{"line":12,"column":3}},{"start":{},"end":{}}],"line":10},"2":{"loc":{"start":{"line":29,"column":11},"end":{"line":29,"column":45}},"type":"cond-expr","locations":[{"start":{"line":29,"column":27},"end":{"line":29,"column":28}},{"start":{"line":29,"column":31},"end":{"line":29,"column":45}}],"line":29},"3":{"loc":{"start":{"line":43,"column":2},"end":{"line":45,"column":3}},"type":"if","locations":[{"start":{"line":43,"column":2},"end":{"line":45,"column":3}},{"start":{},"end":{}}],"line":43},"4":{"loc":{"start":{"line":59,"column":2},"end":{"line":61,"column":3}},"type":"if","locations":[{"start":{"line":59,"column":2},"end":{"line":61,"column":3}},{"start":{},"end":{}}],"line":59}},"s":{"0":1,"1":4,"2":4,"3":1,"4":3,"5":1,"6":2,"7":2,"8":2,"9":4,"10":4,"11":4,"12":38,"13":38,"14":4,"15":4,"16":2,"17":2,"18":0,"19":2,"20":2,"21":1,"22":1},"f":{"0":4,"1":4},"b":{"0":[1,3],"1":[1,2],"2":[2,2],"3":[0,2],"4":[1,1]},"_coverageSchema":"1a1c01bbd47fc00a2c39e90264f33305004495a9","hash":"270c79b71f3b47d351be3c5237a736244bc6d881"}
,"C:\\Users\\thule\\Desktop\\DEVELOP\\online-sales-app\\src\\shared\\functions\\validations\\validateEmail.ts": {"path":"C:\\Users\\thule\\Desktop\\DEVELOP\\online-sales-app\\src\\shared\\functions\\validations\\validateEmail.ts","statementMap":{"0":{"start":{"line":1,"column":30},"end":{"line":4,"column":3}},"1":{"start":{"line":2,"column":23},"end":{"line":2,"column":51}},"2":{"start":{"line":3,"column":4},"end":{"line":3,"column":34}}},"fnMap":{"0":{"name":"(anonymous_0)","decl":{"start":{"line":1,"column":30},"end":{"line":1,"column":31}},"loc":{"start":{"line":1,"column":58},"end":{"line":4,"column":3}},"line":1}},"branchMap":{},"s":{"0":1,"1":4,"2":4},"f":{"0":4},"b":{},"_coverageSchema":"1a1c01bbd47fc00a2c39e90264f33305004495a9","hash":"1e45bc6a52326ff2f407cee6cc16c6a2a7301824"}
,"C:\\Users\\thule\\Desktop\\DEVELOP\\online-sales-app\\src\\shared\\functions\\validations\\validatePhone.ts": {"path":"C:\\Users\\thule\\Desktop\\DEVELOP\\online-sales-app\\src\\shared\\functions\\validations\\validatePhone.ts","statementMap":{"0":{"start":{"line":3,"column":35},"end":{"line":11,"column":3}},"1":{"start":{"line":4,"column":24},"end":{"line":4,"column":60}},"2":{"start":{"line":6,"column":18},"end":{"line":6,"column":38}},"3":{"start":{"line":7,"column":4},"end":{"line":9,"column":5}},"4":{"start":{"line":8,"column":6},"end":{"line":8,"column":19}},"5":{"start":{"line":10,"column":4},"end":{"line":10,"column":16}}},"fnMap":{"0":{"name":"(anonymous_0)","decl":{"start":{"line":3,"column":35},"end":{"line":3,"column":36}},"loc":{"start":{"line":3,"column":69},"end":{"line":11,"column":3}},"line":3}},"branchMap":{"0":{"loc":{"start":{"line":7,"column":4},"end":{"line":9,"column":5}},"type":"if","locations":[{"start":{"line":7,"column":4},"end":{"line":9,"column":5}},{"start":{},"end":{}}],"line":7},"1":{"loc":{"start":{"line":7,"column":8},"end":{"line":7,"column":48}},"type":"binary-expr","locations":[{"start":{"line":7,"column":8},"end":{"line":7,"column":26}},{"start":{"line":7,"column":30},"end":{"line":7,"column":48}}],"line":7}},"s":{"0":1,"1":4,"2":4,"3":4,"4":2,"5":2},"f":{"0":4},"b":{"0":[2,2],"1":[4,3]},"_coverageSchema":"1a1c01bbd47fc00a2c39e90264f33305004495a9","hash":"9aace4b01334d6bdb410cc88754e4a9fe736bf3e"}
}
