{"C:\\Users\\thule\\Desktop\\DEVELOP\\online-sales-app\\src\\shared\\functions\\caracters.ts": {"path":"C:\\Users\\thule\\Desktop\\DEVELOP\\online-sales-app\\src\\shared\\functions\\caracters.ts","statementMap":{"0":{"start":{"line":1,"column":39},"end":{"line":3,"column":1}},"1":{"start":{"line":2,"column":2},"end":{"line":2,"column":34}}},"fnMap":{"0":{"name":"(anonymous_0)","decl":{"start":{"line":1,"column":39},"end":{"line":1,"column":40}},"loc":{"start":{"line":1,"column":58},"end":{"line":3,"column":1}},"line":1}},"branchMap":{},"s":{"0":1,"1":4},"f":{"0":4},"b":{},"_coverageSchema":"1a1c01bbd47fc00a2c39e90264f33305004495a9","hash":"11c1c3586effb6581aaeb23298dce46210ad7901"}
,"C:\\Users\\thule\\Desktop\\DEVELOP\\online-sales-app\\src\\shared\\functions\\maskRegex.ts": {"path":"C:\\Users\\thule\\Desktop\\DEVELOP\\online-sales-app\\src\\shared\\functions\\maskRegex.ts","statementMap":{"0":{"start":{"line":3,"column":23},"end":{"line":5,"column":1}},"1":{"start":{"line":4,"column":2},"end":{"line":4,"column":68}},"2":{"start":{"line":7,"column":25},"end":{"line":12,"column":1}},"3":{"start":{"line":8,"column":17},"end":{"line":8,"column":47}},"4":{"start":{"line":9,"column":2},"end":{"line":11,"column":76}}},"fnMap":{"0":{"name":"(anonymous_0)","decl":{"start":{"line":3,"column":23},"end":{"line":3,"column":24}},"loc":{"start":{"line":3,"column":40},"end":{"line":5,"column":1}},"line":3},"1":{"name":"(anonymous_1)","decl":{"start":{"line":7,"column":25},"end":{"line":7,"column":26}},"loc":{"start":{"line":7,"column":44},"end":{"line":12,"column":1}},"line":7}},"branchMap":{"0":{"loc":{"start":{"line":11,"column":13},"end":{"line":11,"column":65}},"type":"cond-expr","locations":[{"start":{"line":11,"column":36},"end":{"line":11,"column":49}},{"start":{"line":11,"column":52},"end":{"line":11,"column":65}}],"line":11}},"s":{"0":1,"1":1,"2":1,"3":0,"4":0},"f":{"0":1,"1":0},"b":{"0":[0,0]},"_coverageSchema":"1a1c01bbd47fc00a2c39e90264f33305004495a9","hash":"907cb29e4c0839065b9e41485acc0614ac63d5b3"}
,"C:\\Users\\thule\\Desktop\\DEVELOP\\online-sales-app\\src\\shared\\functions\\validations\\validateCpf.ts": {"path":"C:\\Users\\thule\\Desktop\\DEVELOP\\online-sales-app\\src\\shared\\functions\\validations\\validateCpf.ts","statementMap":{"0":{"start":{"line":3,"column":27},"end":{"line":64,"column":1}},"1":{"start":{"line":4,"column":19},"end":{"line":4,"column":47}},"2":{"start":{"line":5,"column":2},"end":{"line":7,"column":3}},"3":{"start":{"line":6,"column":4},"end":{"line":6,"column":17}},"4":{"start":{"line":10,"column":2},"end":{"line":12,"column":3}},"5":{"start":{"line":11,"column":4},"end":{"line":11,"column":17}},"6":{"start":{"line":15,"column":20},"end":{"line":15,"column":50}},"7":{"start":{"line":17,"column":4},"end":{"line":17,"column":13}},"8":{"start":{"line":19,"column":28},"end":{"line":30,"column":3}},"9":{"start":{"line":20,"column":14},"end":{"line":20,"column":15}},"10":{"start":{"line":21,"column":17},"end":{"line":21,"column":34}},"11":{"start":{"line":23,"column":4},"end":{"line":26,"column":5}},"12":{"start":{"line":24,"column":6},"end":{"line":24,"column":28}},"13":{"start":{"line":25,"column":6},"end":{"line":25,"column":15}},"14":{"start":{"line":28,"column":22},"end":{"line":28,"column":30}},"15":{"start":{"line":29,"column":4},"end":{"line":29,"column":46}},"16":{"start":{"line":32,"column":27},"end":{"line":42,"column":4}},"17":{"start":{"line":43,"column":2},"end":{"line":45,"column":3}},"18":{"start":{"line":44,"column":4},"end":{"line":44,"column":17}},"19":{"start":{"line":47,"column":27},"end":{"line":58,"column":4}},"20":{"start":{"line":59,"column":2},"end":{"line":61,"column":3}},"21":{"start":{"line":60,"column":4},"end":{"line":60,"column":17}},"22":{"start":{"line":63,"column":2},"end":{"line":63,"column":14}}},"fnMap":{"0":{"name":"(anonymous_0)","decl":{"start":{"line":3,"column":27},"end":{"line":3,"column":28}},"loc":{"start":{"line":3,"column":53},"end":{"line":64,"column":1}},"line":3},"1":{"name":"(anonymous_1)","decl":{"start":{"line":19,"column":28},"end":{"line":19,"column":29}},"loc":{"start":{"line":19,"column":58},"end":{"line":30,"column":3}},"line":19}},"branchMap":{"0":{"loc":{"start":{"line":5,"column":2},"end":{"line":7,"column":3}},"type":"if","locations":[{"start":{"line":5,"column":2},"end":{"line":7,"column":3}},{"start":{},"end":{}}],"line":5},"1":{"loc":{"start":{"line":10,"column":2},"end":{"line":12,"column":3}},"type":"if","locations":[{"start":{"line":10,"column":2},"end":{"line":12,"column":3}},{"start":{},"end":{}}],"line":10},"2":{"loc":{"start":{"line":29,"column":11},"end":{"line":29,"column":45}},"type":"cond-expr","locations":[{"start":{"line":29,"column":27},"end":{"line":29,"column":28}},{"start":{"line":29,"column":31},"end":{"line":29,"column":45}}],"line":29},"3":{"loc":{"start":{"line":43,"column":2},"end":{"line":45,"column":3}},"type":"if","locations":[{"start":{"line":43,"column":2},"end":{"line":45,"column":3}},{"start":{},"end":{}}],"line":43},"4":{"loc":{"start":{"line":59,"column":2},"end":{"line":61,"column":3}},"type":"if","locations":[{"start":{"line":59,"column":2},"end":{"line":61,"column":3}},{"start":{},"end":{}}],"line":59}},"s":{"0":1,"1":4,"2":4,"3":1,"4":3,"5":1,"6":2,"7":2,"8":2,"9":4,"10":4,"11":4,"12":38,"13":38,"14":4,"15":4,"16":2,"17":2,"18":0,"19":2,"20":2,"21":1,"22":1},"f":{"0":4,"1":4},"b":{"0":[1,3],"1":[1,2],"2":[2,2],"3":[0,2],"4":[1,1]},"_coverageSchema":"1a1c01bbd47fc00a2c39e90264f33305004495a9","hash":"270c79b71f3b47d351be3c5237a736244bc6d881"}
}
