TN:
SF:src\shared\functions\caracters.ts
FN:1,(anonymous_0)
FNF:1
FNH:1
FNDA:4,(anonymous_0)
DA:1,1
DA:2,4
LF:2
LH:2
BRF:0
BRH:0
end_of_record
TN:
SF:src\shared\functions\maskRegex.ts
FN:3,(anonymous_0)
FN:7,(anonymous_1)
FNF:2
FNH:1
FNDA:1,(anonymous_0)
FNDA:0,(anonymous_1)
DA:3,1
DA:4,1
DA:7,1
DA:8,0
DA:9,0
LF:5
LH:3
BRDA:11,0,0,0
BRDA:11,0,1,0
BRF:2
BRH:0
end_of_record
TN:
SF:src\shared\functions\validations\validateCpf.ts
FN:3,(anonymous_0)
FN:19,(anonymous_1)
FNF:2
FNH:2
FNDA:4,(anonymous_0)
FNDA:4,(anonymous_1)
DA:3,1
DA:4,4
DA:5,4
DA:6,1
DA:10,3
DA:11,1
DA:15,2
DA:17,2
DA:19,2
DA:20,4
DA:21,4
DA:23,4
DA:24,38
DA:25,38
DA:28,4
DA:29,4
DA:32,2
DA:43,2
DA:44,0
DA:47,2
DA:59,2
DA:60,1
DA:63,1
LF:23
LH:22
BRDA:5,0,0,1
BRDA:5,0,1,3
BRDA:10,1,0,1
BRDA:10,1,1,2
BRDA:29,2,0,2
BRDA:29,2,1,2
BRDA:43,3,0,0
BRDA:43,3,1,2
BRDA:59,4,0,1
BRDA:59,4,1,1
BRF:10
BRH:9
end_of_record
