TN:
SF:src\shared\components\button\button.style.ts
FN:16,(anonymous_0)
FN:20,(anonymous_1)
FN:35,(anonymous_2)
FNF:3
FNH:3
FNDA:11,(anonymous_0)
FNDA:1,(anonymous_1)
FNDA:9,(anonymous_2)
DA:10,1
DA:16,11
DA:19,1
DA:20,1
DA:25,1
DA:29,1
DA:35,9
LF:7
LH:7
BRDA:16,0,0,0
BRDA:16,0,1,11
BRDA:20,1,0,0
BRDA:20,1,1,1
BRDA:35,2,0,0
BRDA:35,2,1,9
BRF:6
BRH:3
end_of_record
TN:
SF:src\shared\components\button\button.tsx
FN:19,(anonymous_0)
FN:20,(anonymous_1)
FN:26,(anonymous_2)
FNF:3
FNH:3
FNDA:11,(anonymous_0)
FNDA:1,(anonymous_1)
FNDA:11,(anonymous_2)
DA:19,1
DA:20,11
DA:21,1
DA:22,1
DA:26,11
DA:27,11
DA:43,11
DA:44,1
DA:51,10
DA:53,1
DA:60,9
LF:11
LH:11
BRDA:21,0,0,1
BRDA:21,0,1,0
BRDA:21,1,0,1
BRDA:21,1,1,1
BRDA:21,1,2,1
BRDA:29,2,0,1
BRDA:29,2,1,10
BRDA:43,3,0,1
BRDA:43,3,1,10
BRDA:51,4,0,1
BRDA:51,4,1,9
BRF:11
BRH:10
end_of_record
TN:
SF:src\shared\components\text\text.style.ts
FN:11,(anonymous_0)
FN:12,(anonymous_1)
FN:13,(anonymous_2)
FN:14,(anonymous_3)
FNF:4
FNH:4
FNDA:10,(anonymous_0)
FNDA:10,(anonymous_1)
FNDA:10,(anonymous_2)
FNDA:10,(anonymous_3)
DA:10,1
DA:11,10
DA:12,10
DA:13,10
DA:14,10
LF:5
LH:5
BRDA:11,0,0,10
BRDA:11,0,1,0
BRDA:12,1,0,0
BRDA:12,1,1,10
BRF:4
BRH:2
end_of_record
TN:
SF:src\shared\components\text\text.tsx
FN:13,(anonymous_0)
FN:14,(anonymous_1)
FN:45,(anonymous_2)
FNF:3
FNH:3
FNDA:10,(anonymous_0)
FNDA:10,(anonymous_1)
FNDA:10,(anonymous_2)
DA:13,1
DA:14,10
DA:15,10
DA:20,0
DA:25,0
DA:30,10
DA:35,0
DA:41,0
DA:45,10
DA:46,10
DA:52,0
DA:58,10
DA:64,0
DA:70,0
DA:73,0
DA:77,10
LF:16
LH:8
BRDA:15,0,0,0
BRDA:15,0,1,0
BRDA:15,0,2,0
BRDA:15,0,3,0
BRDA:15,0,4,0
BRDA:15,0,5,0
BRDA:15,0,6,0
BRDA:15,0,7,0
BRDA:15,0,8,0
BRDA:15,0,9,10
BRDA:15,0,10,10
BRDA:15,0,11,10
BRDA:15,0,12,0
BRDA:15,0,13,0
BRDA:15,0,14,0
BRDA:15,0,15,0
BRDA:15,0,16,0
BRDA:15,0,17,0
BRDA:15,0,18,0
BRDA:15,0,19,0
BRDA:15,0,20,0
BRDA:46,1,0,0
BRDA:46,1,1,0
BRDA:46,1,2,0
BRDA:46,1,3,0
BRDA:46,1,4,0
BRDA:46,1,5,0
BRDA:46,1,6,0
BRDA:46,1,7,0
BRDA:46,1,8,0
BRDA:46,1,9,10
BRDA:46,1,10,0
BRDA:46,1,11,0
BRDA:46,1,12,0
BRDA:46,1,13,0
BRDA:46,1,14,0
BRDA:46,1,15,0
BRDA:46,1,16,0
BRDA:46,1,17,0
BRDA:46,1,18,0
BRDA:46,1,19,0
BRDA:46,1,20,0
BRF:42
BRH:4
end_of_record
TN:
SF:src\shared\components\text\textTypes.ts
FNF:0
FNH:0
LF:0
LH:0
BRF:0
BRH:0
end_of_record
TN:
SF:src\shared\enums\methods.enum.ts
FNF:0
FNH:0
LF:0
LH:0
BRF:0
BRH:0
end_of_record
TN:
SF:src\shared\enums\routers.enum.ts
FNF:0
FNH:0
LF:0
LH:0
BRF:0
BRH:0
end_of_record
TN:
SF:src\shared\functions\caracters.ts
FN:1,(anonymous_0)
FNF:1
FNH:1
FNDA:11,(anonymous_0)
DA:1,3
DA:2,11
LF:2
LH:2
BRF:0
BRH:0
end_of_record
TN:
SF:src\shared\functions\maskRegex.ts
FN:3,(anonymous_0)
FN:7,(anonymous_1)
FNF:2
FNH:2
FNDA:1,(anonymous_0)
FNDA:2,(anonymous_1)
DA:3,2
DA:4,1
DA:7,2
DA:8,2
DA:9,2
LF:5
LH:5
BRDA:11,0,0,1
BRDA:11,0,1,1
BRF:2
BRH:2
end_of_record
TN:
SF:src\shared\functions\money.ts
FN:1,(anonymous_0)
FNF:1
FNH:1
FNDA:4,(anonymous_0)
DA:1,1
DA:2,4
LF:2
LH:2
BRF:0
BRH:0
end_of_record
TN:
SF:src\shared\functions\storageProxy.ts
FN:3,(anonymous_0)
FN:6,(anonymous_1)
FN:6,(anonymous_2)
FN:8,(anonymous_3)
FNF:4
FNH:3
FNDA:1,(anonymous_0)
FNDA:1,(anonymous_1)
FNDA:0,(anonymous_2)
FNDA:1,(anonymous_3)
DA:3,2
DA:4,1
DA:6,2
DA:8,2
LF:4
LH:4
BRF:0
BRH:0
end_of_record
TN:
SF:src\shared\functions\connection\apiUrl.ts
FNF:0
FNH:0
DA:1,1
DA:3,1
DA:5,1
DA:6,1
DA:8,1
LF:5
LH:5
BRF:0
BRH:0
end_of_record
TN:
SF:src\shared\functions\connection\auth.ts
FN:5,(anonymous_0)
FN:9,(anonymous_1)
FN:13,(anonymous_2)
FN:17,(anonymous_3)
FNF:4
FNH:4
FNDA:2,(anonymous_0)
FNDA:1,(anonymous_1)
FNDA:1,(anonymous_2)
FNDA:1,(anonymous_3)
DA:5,1
DA:6,2
DA:9,1
DA:10,1
DA:13,1
DA:14,1
DA:17,1
DA:18,1
DA:20,1
LF:9
LH:9
BRF:0
BRH:0
end_of_record
TN:
SF:src\shared\functions\connection\connectionApi.ts
FN:10,(anonymous_0)
FN:29,(anonymous_1)
FN:34,(anonymous_2)
FN:50,(anonymous_3)
FN:54,(anonymous_4)
FN:58,(anonymous_5)
FN:62,(anonymous_6)
FN:66,(anonymous_7)
FNF:8
FNH:8
FNDA:10,(anonymous_0)
FNDA:9,(anonymous_1)
FNDA:3,(anonymous_2)
FNDA:1,(anonymous_3)
FNDA:1,(anonymous_4)
FNDA:1,(anonymous_5)
FNDA:1,(anonymous_6)
FNDA:1,(anonymous_7)
DA:11,10
DA:12,10
DA:18,10
DA:21,7
DA:25,3
DA:34,9
DA:35,3
DA:36,3
DA:39,2
DA:42,1
DA:45,0
DA:50,1
DA:51,1
DA:54,1
DA:55,1
DA:58,1
DA:59,1
DA:62,1
DA:63,1
DA:66,1
DA:67,1
LF:21
LH:20
BRDA:18,0,0,6
BRDA:18,0,1,7
BRDA:18,0,2,1
BRDA:18,0,3,2
BRDA:18,0,4,3
BRDA:35,1,0,3
BRDA:35,1,1,0
BRDA:36,2,0,1
BRDA:36,2,1,2
BRDA:36,2,2,1
BRF:10
BRH:9
end_of_record
TN:
SF:src\shared\functions\connection\errosConstants.ts
FNF:0
FNH:0
DA:1,1
DA:3,1
DA:5,1
LF:3
LH:3
BRF:0
BRH:0
end_of_record
TN:
SF:src\shared\functions\validations\validateCpf.ts
FN:3,(anonymous_0)
FN:19,(anonymous_1)
FNF:2
FNH:2
FNDA:4,(anonymous_0)
FNDA:4,(anonymous_1)
DA:3,1
DA:4,4
DA:5,4
DA:6,1
DA:10,3
DA:11,1
DA:15,2
DA:17,2
DA:19,2
DA:20,4
DA:21,4
DA:23,4
DA:24,38
DA:25,38
DA:28,4
DA:29,4
DA:32,2
DA:43,2
DA:44,0
DA:47,2
DA:59,2
DA:60,1
DA:63,1
LF:23
LH:22
BRDA:5,0,0,1
BRDA:5,0,1,3
BRDA:10,1,0,1
BRDA:10,1,1,2
BRDA:29,2,0,2
BRDA:29,2,1,2
BRDA:43,3,0,0
BRDA:43,3,1,2
BRDA:59,4,0,1
BRDA:59,4,1,1
BRF:10
BRH:9
end_of_record
TN:
SF:src\shared\functions\validations\validateEmail.ts
FN:1,(anonymous_0)
FNF:1
FNH:1
FNDA:4,(anonymous_0)
DA:1,1
DA:2,4
DA:3,4
LF:3
LH:3
BRF:0
BRH:0
end_of_record
TN:
SF:src\shared\functions\validations\validatePhone.ts
FN:3,(anonymous_0)
FNF:1
FNH:1
FNDA:4,(anonymous_0)
DA:3,1
DA:4,4
DA:6,4
DA:7,4
DA:8,2
DA:10,2
LF:6
LH:6
BRDA:7,0,0,2
BRDA:7,0,1,2
BRDA:7,1,0,4
BRDA:7,1,1,3
BRF:4
BRH:4
end_of_record
TN:
SF:src\shared\themes\buttons.ts
FNF:0
FNH:0
DA:1,1
LF:1
LH:1
BRF:0
BRH:0
end_of_record
TN:
SF:src\shared\themes\colors.ts
FNF:0
FNH:0
DA:1,1
DA:6,1
DA:11,1
DA:15,1
DA:19,1
DA:23,1
LF:6
LH:6
BRF:0
BRH:0
end_of_record
TN:
SF:src\shared\themes\theme.ts
FNF:0
FNH:0
DA:4,1
LF:1
LH:1
BRF:0
BRH:0
end_of_record
